<?xml version="1.0" encoding="UTF-8"?>
<!-- Generated by org.testng.reporters.JUnitReportReporter -->
<testsuite hostname="LAPTOP-3L9MPVO8" failures="0" tests="1" name="com.ul.testcase.TC_storeele_007" time="2.229" errors="0" timestamp="2022-05-18T17:23:09 IST" skipped="0">
  <testcase classname="com.ul.testcase.TC_storeele_007" name="storeElement" time="2.229"/>
  <system-out/>
</testsuite> <!-- com.ul.testcase.TC_storeele_007 -->
