<?xml version="1.0" encoding="UTF-8"?>
<!-- Generated by org.testng.reporters.JUnitReportReporter -->
<testsuite hostname="LAPTOP-3L9MPVO8" failures="0" tests="10" name="com.ul.testcase.TC_search_001" time="27.464" errors="0" timestamp="2022-05-18T17:23:09 IST" skipped="0">
  <testcase classname="com.ul.testcase.TC_search_001" name="loginTest" time="2.683"/>
  <system-out/>
  <testcase classname="com.ul.testcase.TC_search_001" name="loginTest" time="2.915"/>
  <system-out/>
  <testcase classname="com.ul.testcase.TC_search_001" name="loginTest" time="2.328"/>
  <system-out/>
  <testcase classname="com.ul.testcase.TC_search_001" name="loginTest" time="2.534"/>
  <system-out/>
  <testcase classname="com.ul.testcase.TC_search_001" name="loginTest" time="3.072"/>
  <system-out/>
  <testcase classname="com.ul.testcase.TC_search_001" name="loginTest" time="3.084"/>
  <system-out/>
  <testcase classname="com.ul.testcase.TC_search_001" name="loginTest" time="2.649"/>
  <system-out/>
  <testcase classname="com.ul.testcase.TC_search_001" name="loginTest" time="2.714"/>
  <system-out/>
  <testcase classname="com.ul.testcase.TC_search_001" name="loginTest" time="2.800"/>
  <system-out/>
  <testcase classname="com.ul.testcase.TC_search_001" name="loginTest" time="2.685"/>
  <system-out/>
</testsuite> <!-- com.ul.testcase.TC_search_001 -->
