<?xml version="1.0" encoding="UTF-8"?>
<!-- Generated by org.testng.reporters.JUnitReportReporter -->
<testsuite hostname="LAPTOP-3L9MPVO8" failures="0" tests="1" name="com.ul.testcase.TC_aboutele_005" time="1.346" errors="0" timestamp="2022-05-18T17:23:09 IST" skipped="0">
  <testcase classname="com.ul.testcase.TC_aboutele_005" name="checkAbout" time="1.346"/>
  <system-out/>
</testsuite> <!-- com.ul.testcase.TC_aboutele_005 -->
